2026-07-11 02:20:45,116 - INFO - Status Code: 200
2026-07-11 02:20:45,116 - INFO - Response Text (first 500 chars): 

<!DOCTYPE html>
<!--[if lt IE 7]>      <html lang="en-us" class="no-js lt-ie9 lt-ie8 lt-ie7"> <![endif]-->
<!--[if IE 7]>         <html lang="en-us" class="no-js lt-ie9 lt-ie8"> <![endif]-->
<!--[if IE 8]>         <html lang="en-us" class="no-js lt-ie9"> <![endif]-->
<!--[if gt IE 8]><!--> <html lang="en-us" class="no-js"> <!--<![endif]-->
    <head>
        <title>
    Music | 
     Books to Scrape - Sandbox

</title>

        <meta http-equiv="content-type" content="text/html; charset=UTF-8"
2026-07-11 21:38:13,934 - INFO - Status Code: 200
2026-07-11 21:38:13,934 - INFO - Number of books found: 13
2026-07-11 21:54:20,077 - INFO - Title: Rip it Up and Start Again, Price: £35.02
2026-07-11 21:54:20,077 - INFO - Title: Our Band Could Be Your Life: Scenes from the American Indie Underground, 1981-1991, Price: £57.25
2026-07-11 21:54:20,077 - INFO - Title: How Music Works, Price: £37.32
2026-07-11 21:54:20,077 - INFO - Title: Love Is a Mix Tape (Music #1), Price: £18.03
2026-07-11 21:54:20,085 - INFO - Title: Please Kill Me: The Uncensored Oral History of Punk, Price: £31.19
2026-07-11 21:54:20,085 - INFO - Title: Kill 'Em and Leave: Searching for James Brown and the American Soul, Price: £45.05
2026-07-11 21:54:20,085 - INFO - Title: Chronicles, Vol. 1, Price: £52.60
2026-07-11 21:54:20,085 - INFO - Title: This Is Your Brain on Music: The Science of a Human Obsession, Price: £38.40
2026-07-11 21:54:20,085 - INFO - Title: Orchestra of Exiles: The Story of Bronislaw Huberman, the Israel Philharmonic, and the One Thousand Jews He Saved from Nazi Horrors, Price: £12.36
2026-07-11 21:54:20,085 - INFO - Title: No One Here Gets Out Alive, Price: £20.02
2026-07-11 21:54:20,085 - INFO - Title: Life, Price: £31.58
2026-07-11 21:54:20,085 - INFO - Title: Old Records Never Die: One Man's Quest for His Vinyl and His Past, Price: £55.66
2026-07-11 21:54:20,085 - INFO - Title: Forever Rockers (The Rocker #12), Price: £28.80
2026-07-11 21:54:20,085 - INFO - Status Code: 200
2026-07-11 21:54:20,085 - INFO - Number of books found: 13
2026-07-11 22:07:55,939 - INFO - Title: Rip it Up and Start Again, Price: 35.02
2026-07-11 22:07:55,939 - INFO - Title: Our Band Could Be Your Life: Scenes from the American Indie Underground, 1981-1991, Price: 57.25
2026-07-11 22:07:55,939 - INFO - Title: How Music Works, Price: 37.32
2026-07-11 22:07:55,939 - INFO - Title: Love Is a Mix Tape (Music #1), Price: 18.03
2026-07-11 22:07:55,939 - INFO - Title: Please Kill Me: The Uncensored Oral History of Punk, Price: 31.19
2026-07-11 22:07:55,955 - INFO - Title: Kill 'Em and Leave: Searching for James Brown and the American Soul, Price: 45.05
2026-07-11 22:07:55,955 - INFO - Title: Chronicles, Vol. 1, Price: 52.6
2026-07-11 22:07:55,955 - INFO - Title: This Is Your Brain on Music: The Science of a Human Obsession, Price: 38.4
2026-07-11 22:07:55,955 - INFO - Title: Orchestra of Exiles: The Story of Bronislaw Huberman, the Israel Philharmonic, and the One Thousand Jews He Saved from Nazi Horrors, Price: 12.36
2026-07-11 22:07:55,955 - INFO - Title: No One Here Gets Out Alive, Price: 20.02
2026-07-11 22:07:55,955 - INFO - Title: Life, Price: 31.58
2026-07-11 22:07:55,955 - INFO - Title: Old Records Never Die: One Man's Quest for His Vinyl and His Past, Price: 55.66
2026-07-11 22:07:55,955 - INFO - Title: Forever Rockers (The Rocker #12), Price: 28.8
2026-07-11 22:07:55,955 - INFO - Status Code: 200
2026-07-11 22:07:55,955 - INFO - Number of books found: 13
