2026-06-30 00:47:31,039 - ERROR - HTTP Error 404: {"quoteSummary":{"result":null,"error":{"code":"Not Found","description":"Quote not found for symbol: METAA"}}}
2026-06-30 00:47:31,931 - ERROR - $METAA: possibly delisted; no price data found  (period=1d) (Yahoo error = "No data found, symbol may be delisted")
2026-06-30 00:47:31,932 - WARNING - No data found for METAA.
2026-06-30 00:47:31,933 - INFO - Skipping METAA due to missing data.
2026-06-30 00:47:32,215 - INFO - Excel report generated: stock_tracker.xlsx

2026-06-30 00:48:44,234 - ERROR - HTTP Error 404: {"quoteSummary":{"result":null,"error":{"code":"Not Found","description":"Quote not found for symbol: METAA"}}}
2026-06-30 00:48:45,420 - ERROR - $METAA: possibly delisted; no price data found  (period=1d) (Yahoo error = "No data found, symbol may be delisted")
2026-06-30 00:48:45,421 - WARNING - No data found for METAA.
2026-06-30 00:48:45,422 - INFO - Skipping METAA due to missing data.
2026-06-30 00:48:45,660 - INFO - Excel report generated: stock_tracker.xlsx

2026-06-30 01:09:38,934 - INFO - Excel report generated: stock_tracker.xlsx

2026-06-30 01:12:16,744 - INFO - CSV report generated: stock_tracker.csv

2026-07-03 04:01:33,086 - INFO - CSV report generated: stock_tracker.csv

2026-07-03 04:21:48,989 - INFO - CSV report generated: stock_tracker.csv

2026-07-03 04:23:41,949 - INFO - CSV report generated: new_stock_tracker.csv

2026-07-03 04:29:45,677 - INFO - CSV report generated: new_stock_tracker.csv

2026-07-03 04:42:52,762 - INFO - CSV report generated: new_stock_tracker.csv

2026-07-03 04:45:00,212 - INFO - CSV report generated: new_stock_tracker.csv

2026-07-03 04:57:48,347 - INFO - CSV report generated: newwww_stock_tracker.csv

2026-07-03 04:58:09,223 - INFO - CSV report generated: newwww_stock_tracker.csv

2026-07-03 05:12:12,147 - INFO - CSV report generated: stock_data.csv and stock_summary.csv

2026-07-03 05:12:38,037 - INFO - CSV report generated: stock_data.csv and stock_summary.csv

2026-07-03 05:12:42,124 - INFO - CSV report generated: stock_data.csv and stock_summary.csv

2026-07-03 05:12:46,779 - INFO - CSV report generated: stock_data.csv and stock_summary.csv

2026-07-03 05:15:07,150 - INFO - CSV report generated: stock_data.csv and stock_summary.csv

2026-07-03 05:16:49,705 - INFO - CSV report generated: stock_data.csv and stock_summary.csv

2026-07-03 05:17:01,405 - INFO - CSV report generated: stock_data.csv and stock_summary.csv

