2026-06-30 00:47:31,039 - ERROR - HTTP Error 404: {"quoteSummary":{"result":null,"error":{"code":"Not Found","description":"Quote not found for symbol: METAA"}}}
2026-06-30 00:47:31,931 - ERROR - $METAA: possibly delisted; no price data found  (period=1d) (Yahoo error = "No data found, symbol may be delisted")
2026-06-30 00:47:31,932 - WARNING - No data found for METAA.
2026-06-30 00:47:31,933 - INFO - Skipping METAA due to missing data.
2026-06-30 00:47:32,215 - INFO - Excel report generated: stock_tracker.xlsx

2026-06-30 00:48:44,234 - ERROR - HTTP Error 404: {"quoteSummary":{"result":null,"error":{"code":"Not Found","description":"Quote not found for symbol: METAA"}}}
2026-06-30 00:48:45,420 - ERROR - $METAA: possibly delisted; no price data found  (period=1d) (Yahoo error = "No data found, symbol may be delisted")
2026-06-30 00:48:45,421 - WARNING - No data found for METAA.
2026-06-30 00:48:45,422 - INFO - Skipping METAA due to missing data.
2026-06-30 00:48:45,660 - INFO - Excel report generated: stock_tracker.xlsx

2026-06-30 01:09:38,934 - INFO - Excel report generated: stock_tracker.xlsx

2026-06-30 01:12:16,744 - INFO - CSV report generated: stock_tracker.csv

2026-07-03 04:01:33,086 - INFO - CSV report generated: stock_tracker.csv

2026-07-03 04:21:48,989 - INFO - CSV report generated: stock_tracker.csv

2026-07-03 04:23:41,949 - INFO - CSV report generated: new_stock_tracker.csv

2026-07-03 04:29:45,677 - INFO - CSV report generated: new_stock_tracker.csv

2026-07-03 04:42:52,762 - INFO - CSV report generated: new_stock_tracker.csv

2026-07-03 04:45:00,212 - INFO - CSV report generated: new_stock_tracker.csv

2026-07-03 04:57:48,347 - INFO - CSV report generated: newwww_stock_tracker.csv

2026-07-03 04:58:09,223 - INFO - CSV report generated: newwww_stock_tracker.csv

2026-07-03 05:12:12,147 - INFO - CSV report generated: stock_data.csv and stock_summary.csv

2026-07-03 05:12:38,037 - INFO - CSV report generated: stock_data.csv and stock_summary.csv

2026-07-03 05:12:42,124 - INFO - CSV report generated: stock_data.csv and stock_summary.csv

2026-07-03 05:12:46,779 - INFO - CSV report generated: stock_data.csv and stock_summary.csv

2026-07-03 05:15:07,150 - INFO - CSV report generated: stock_data.csv and stock_summary.csv

2026-07-03 05:16:49,705 - INFO - CSV report generated: stock_data.csv and stock_summary.csv

2026-07-03 05:17:01,405 - INFO - CSV report generated: stock_data.csv and stock_summary.csv

2026-07-03 05:32:51,510 - INFO - CSV report generated: stock_data.csv and stock_summary.csv

2026-07-03 05:32:51,510 - INFO - Waiting 10 seconds before next run...
2026-07-03 05:33:01,511 - INFO - CSV report generated: stock_data.csv and stock_summary.csv

2026-07-03 05:33:01,511 - INFO - Waiting 10 seconds before next run...
2026-07-03 05:33:11,513 - INFO - CSV report generated: stock_data.csv and stock_summary.csv

2026-07-03 05:33:11,513 - INFO - Waiting 10 seconds before next run...
2026-07-03 05:33:21,515 - INFO - CSV report generated: stock_data.csv and stock_summary.csv

2026-07-03 05:33:21,516 - INFO - Waiting 10 seconds before next run...
2026-07-03 05:33:31,517 - INFO - CSV report generated: stock_data.csv and stock_summary.csv

2026-07-03 05:33:31,518 - INFO - Waiting 10 seconds before next run...
2026-07-03 05:33:41,519 - INFO - CSV report generated: stock_data.csv and stock_summary.csv

2026-07-03 05:33:41,519 - INFO - Waiting 10 seconds before next run...
2026-07-03 05:33:51,522 - INFO - CSV report generated: stock_data.csv and stock_summary.csv

2026-07-03 05:33:51,522 - INFO - Waiting 10 seconds before next run...
2026-07-03 05:34:01,524 - INFO - CSV report generated: stock_data.csv and stock_summary.csv

2026-07-03 05:34:01,524 - INFO - Waiting 10 seconds before next run...
2026-07-03 05:34:11,526 - INFO - CSV report generated: stock_data.csv and stock_summary.csv

2026-07-03 05:34:11,526 - INFO - Waiting 10 seconds before next run...
2026-07-03 05:34:21,527 - INFO - CSV report generated: stock_data.csv and stock_summary.csv

2026-07-03 05:34:21,528 - INFO - Waiting 10 seconds before next run...
2026-07-03 05:34:31,530 - INFO - CSV report generated: stock_data.csv and stock_summary.csv

2026-07-03 05:34:31,530 - INFO - Waiting 10 seconds before next run...
2026-07-03 05:34:41,531 - INFO - CSV report generated: stock_data.csv and stock_summary.csv

2026-07-03 05:34:41,531 - INFO - Waiting 10 seconds before next run...
2026-07-03 05:34:51,533 - INFO - CSV report generated: stock_data.csv and stock_summary.csv

2026-07-03 05:34:51,533 - INFO - Waiting 10 seconds before next run...
2026-07-03 05:35:01,534 - INFO - CSV report generated: stock_data.csv and stock_summary.csv

2026-07-03 05:35:01,534 - INFO - Waiting 10 seconds before next run...
2026-07-06 07:40:59,985 - INFO - CSV report generated: stock_data.csv and stock_summary.csv

2026-07-06 07:40:59,986 - INFO - Waiting 10 seconds before next run...
2026-07-06 07:41:10,017 - INFO - CSV report generated: stock_data.csv and stock_summary.csv

2026-07-06 07:41:10,019 - INFO - Waiting 10 seconds before next run...
2026-07-06 07:41:20,021 - INFO - CSV report generated: stock_data.csv and stock_summary.csv

2026-07-06 07:41:20,022 - INFO - Waiting 10 seconds before next run...
2026-07-06 07:41:30,220 - INFO - CSV report generated: stock_data.csv and stock_summary.csv

2026-07-06 07:41:30,220 - INFO - Waiting 10 seconds before next run...
2026-07-06 07:41:40,225 - INFO - CSV report generated: stock_data.csv and stock_summary.csv

2026-07-06 07:41:40,225 - INFO - Waiting 10 seconds before next run...
2026-07-06 07:41:50,225 - INFO - CSV report generated: stock_data.csv and stock_summary.csv

2026-07-06 07:41:50,226 - INFO - Waiting 10 seconds before next run...
2026-07-06 07:42:00,227 - INFO - CSV report generated: stock_data.csv and stock_summary.csv

2026-07-06 07:42:00,227 - INFO - Waiting 10 seconds before next run...
2026-07-06 07:42:10,228 - INFO - CSV report generated: stock_data.csv and stock_summary.csv

2026-07-06 07:42:10,228 - INFO - Waiting 10 seconds before next run...
2026-07-06 07:42:20,229 - INFO - CSV report generated: stock_data.csv and stock_summary.csv

2026-07-06 07:42:20,229 - INFO - Waiting 10 seconds before next run...
2026-07-06 07:42:30,231 - INFO - CSV report generated: stock_data.csv and stock_summary.csv

2026-07-06 07:42:30,231 - INFO - Waiting 10 seconds before next run...
2026-07-06 07:42:40,232 - INFO - CSV report generated: stock_data.csv and stock_summary.csv

2026-07-06 07:42:40,232 - INFO - Waiting 10 seconds before next run...
2026-07-06 07:42:50,234 - INFO - CSV report generated: stock_data.csv and stock_summary.csv

2026-07-06 07:42:50,234 - INFO - Waiting 10 seconds before next run...
2026-07-06 07:43:00,235 - INFO - CSV report generated: stock_data.csv and stock_summary.csv

2026-07-06 07:43:00,235 - INFO - Waiting 10 seconds before next run...
2026-07-06 07:43:10,237 - INFO - CSV report generated: stock_data.csv and stock_summary.csv

2026-07-06 07:43:10,237 - INFO - Waiting 10 seconds before next run...
2026-07-06 07:43:20,239 - INFO - CSV report generated: stock_data.csv and stock_summary.csv

2026-07-06 07:43:20,239 - INFO - Waiting 10 seconds before next run...
2026-07-06 07:43:30,241 - INFO - CSV report generated: stock_data.csv and stock_summary.csv

2026-07-06 07:43:30,241 - INFO - Waiting 10 seconds before next run...
2026-07-06 07:43:40,243 - INFO - CSV report generated: stock_data.csv and stock_summary.csv

2026-07-06 07:43:40,243 - INFO - Waiting 10 seconds before next run...
2026-07-06 07:43:50,248 - INFO - CSV report generated: stock_data.csv and stock_summary.csv

2026-07-06 07:43:50,248 - INFO - Waiting 10 seconds before next run...
2026-07-06 07:44:00,261 - INFO - CSV report generated: stock_data.csv and stock_summary.csv

2026-07-06 07:44:00,261 - INFO - Waiting 10 seconds before next run...
2026-07-06 07:44:10,274 - INFO - CSV report generated: stock_data.csv and stock_summary.csv

2026-07-06 07:44:10,274 - INFO - Waiting 10 seconds before next run...
2026-07-06 07:44:20,275 - INFO - CSV report generated: stock_data.csv and stock_summary.csv

2026-07-06 07:44:20,275 - INFO - Waiting 10 seconds before next run...
2026-07-06 07:44:30,296 - INFO - CSV report generated: stock_data.csv and stock_summary.csv

2026-07-06 07:44:30,296 - INFO - Waiting 10 seconds before next run...
2026-07-06 07:44:40,311 - INFO - CSV report generated: stock_data.csv and stock_summary.csv

2026-07-06 07:44:40,311 - INFO - Waiting 10 seconds before next run...
2026-07-06 07:44:50,314 - INFO - CSV report generated: stock_data.csv and stock_summary.csv

2026-07-06 07:44:50,314 - INFO - Waiting 10 seconds before next run...
2026-07-06 07:45:00,315 - INFO - CSV report generated: stock_data.csv and stock_summary.csv

2026-07-06 07:45:00,315 - INFO - Waiting 10 seconds before next run...
2026-07-06 07:45:10,317 - INFO - CSV report generated: stock_data.csv and stock_summary.csv

2026-07-06 07:45:10,317 - INFO - Waiting 10 seconds before next run...
2026-07-06 07:45:20,325 - INFO - CSV report generated: stock_data.csv and stock_summary.csv

2026-07-06 07:45:20,325 - INFO - Waiting 10 seconds before next run...
2026-07-06 07:45:30,338 - INFO - CSV report generated: stock_data.csv and stock_summary.csv

2026-07-06 07:45:30,338 - INFO - Waiting 10 seconds before next run...
2026-07-06 07:45:40,420 - INFO - CSV report generated: stock_data.csv and stock_summary.csv

2026-07-06 07:45:40,421 - INFO - Waiting 10 seconds before next run...
2026-07-06 07:45:50,422 - INFO - CSV report generated: stock_data.csv and stock_summary.csv

2026-07-06 07:45:50,422 - INFO - Waiting 10 seconds before next run...
2026-07-06 07:46:00,425 - INFO - CSV report generated: stock_data.csv and stock_summary.csv

2026-07-06 07:46:00,425 - INFO - Waiting 10 seconds before next run...
2026-07-06 07:46:10,426 - INFO - CSV report generated: stock_data.csv and stock_summary.csv

2026-07-06 07:46:10,427 - INFO - Waiting 10 seconds before next run...
2026-07-06 07:46:20,427 - INFO - CSV report generated: stock_data.csv and stock_summary.csv

2026-07-06 07:46:20,427 - INFO - Waiting 10 seconds before next run...
2026-07-06 07:46:30,429 - INFO - CSV report generated: stock_data.csv and stock_summary.csv

2026-07-06 07:46:30,429 - INFO - Waiting 10 seconds before next run...
2026-07-06 07:46:40,441 - INFO - CSV report generated: stock_data.csv and stock_summary.csv

2026-07-06 07:46:40,441 - INFO - Waiting 10 seconds before next run...
2026-07-06 07:46:50,450 - INFO - CSV report generated: stock_data.csv and stock_summary.csv

2026-07-06 07:46:50,450 - INFO - Waiting 10 seconds before next run...
2026-07-06 08:14:15,870 - INFO - CSV report generated: stock_data.csv and stock_summary.csv

2026-07-06 08:14:15,870 - INFO - Waiting 10 seconds before next run...
2026-07-06 08:14:25,872 - INFO - CSV report generated: stock_data.csv and stock_summary.csv

2026-07-06 08:14:25,872 - INFO - Waiting 10 seconds before next run...
2026-07-06 08:17:24,495 - INFO - CSV report generated: stock_data.csv and stock_summary.csv

2026-07-06 08:17:24,495 - INFO - Waiting 10 seconds before next run...
2026-07-06 08:17:34,496 - INFO - CSV report generated: stock_data.csv and stock_summary.csv

2026-07-06 08:17:34,496 - INFO - Waiting 10 seconds before next run...
2026-07-06 08:20:39,855 - INFO - CSV report generated: stock_data.csv and stock_summary.csv

2026-07-06 08:20:39,894 - INFO - Waiting 10 seconds before next run...
2026-07-06 08:20:49,896 - INFO - CSV report generated: stock_data.csv and stock_summary.csv

2026-07-06 08:20:49,938 - INFO - Waiting 10 seconds before next run...
2026-07-06 08:20:59,940 - INFO - CSV report generated: stock_data.csv and stock_summary.csv

2026-07-06 08:20:59,971 - INFO - Waiting 10 seconds before next run...
2026-07-06 08:25:54,034 - INFO - CSV report generated: stock_data.csv and stock_summary.csv

2026-07-06 08:25:54,034 - INFO - Waiting 10 seconds before next run...
2026-07-06 08:26:05,563 - INFO - CSV report generated: stock_data.csv and stock_summary.csv

2026-07-06 08:26:05,563 - INFO - Waiting 10 seconds before next run...
2026-07-06 08:35:22,451 - INFO - CSV report generated: stock_data.csv and stock_summary.csv

2026-07-06 08:35:22,452 - INFO - Waiting 10 seconds before next run...
2026-07-06 08:35:34,242 - INFO - CSV report generated: stock_data.csv and stock_summary.csv

2026-07-06 08:35:34,242 - INFO - Waiting 10 seconds before next run...
2026-07-07 13:31:17,354 - INFO - CSV report generated: stock_data.csv and stock_summary.csv

2026-07-07 13:31:17,355 - INFO - Waiting 10 seconds before next run...
2026-07-07 13:31:28,967 - INFO - CSV report generated: stock_data.csv and stock_summary.csv

2026-07-07 13:31:28,967 - INFO - Waiting 10 seconds before next run...
2026-07-07 13:31:40,632 - INFO - CSV report generated: stock_data.csv and stock_summary.csv

2026-07-07 13:31:40,632 - INFO - Waiting 10 seconds before next run...
2026-07-07 13:31:52,419 - INFO - CSV report generated: stock_data.csv and stock_summary.csv

2026-07-07 13:31:52,419 - INFO - Waiting 10 seconds before next run...
2026-07-07 13:32:04,942 - INFO - CSV report generated: stock_data.csv and stock_summary.csv

2026-07-07 13:32:04,942 - INFO - Waiting 10 seconds before next run...
2026-07-07 13:32:17,050 - INFO - CSV report generated: stock_data.csv and stock_summary.csv

2026-07-07 13:32:17,050 - INFO - Waiting 10 seconds before next run...
2026-07-07 13:32:28,627 - INFO - CSV report generated: stock_data.csv and stock_summary.csv

2026-07-07 13:32:28,627 - INFO - Waiting 10 seconds before next run...
2026-07-07 13:32:40,260 - INFO - CSV report generated: stock_data.csv and stock_summary.csv

2026-07-07 13:32:40,260 - INFO - Waiting 10 seconds before next run...
2026-07-07 13:32:51,933 - INFO - CSV report generated: stock_data.csv and stock_summary.csv

2026-07-07 13:32:51,933 - INFO - Waiting 10 seconds before next run...
2026-07-07 13:45:50,269 - INFO - CSV report generated: stock_data.csv and stock_summary.csv

2026-07-07 13:45:50,269 - INFO - Waiting 10 seconds before next run...
2026-07-07 13:46:02,432 - INFO - CSV report generated: stock_data.csv and stock_summary.csv

2026-07-07 13:46:02,432 - INFO - Waiting 10 seconds before next run...
2026-07-07 13:46:14,022 - INFO - CSV report generated: stock_data.csv and stock_summary.csv

2026-07-07 13:46:14,022 - INFO - Waiting 10 seconds before next run...
2026-07-07 13:46:27,022 - INFO - CSV report generated: stock_data.csv and stock_summary.csv

2026-07-07 13:46:27,022 - INFO - Waiting 10 seconds before next run...
2026-07-07 13:46:39,406 - INFO - CSV report generated: stock_data.csv and stock_summary.csv

2026-07-07 13:46:39,407 - INFO - Waiting 10 seconds before next run...
2026-07-07 13:46:51,420 - INFO - CSV report generated: stock_data.csv and stock_summary.csv

2026-07-07 13:46:51,420 - INFO - Waiting 10 seconds before next run...
2026-07-07 13:47:03,085 - INFO - CSV report generated: stock_data.csv and stock_summary.csv

2026-07-07 13:47:03,085 - INFO - Waiting 10 seconds before next run...
2026-07-07 13:47:14,706 - INFO - CSV report generated: stock_data.csv and stock_summary.csv

2026-07-07 13:47:14,706 - INFO - Waiting 10 seconds before next run...
2026-07-07 13:47:26,828 - INFO - CSV report generated: stock_data.csv and stock_summary.csv

2026-07-07 13:47:26,828 - INFO - Waiting 10 seconds before next run...
2026-07-07 13:47:38,417 - INFO - CSV report generated: stock_data.csv and stock_summary.csv

2026-07-07 13:47:38,417 - INFO - Waiting 10 seconds before next run...
2026-07-07 13:47:50,402 - INFO - CSV report generated: stock_data.csv and stock_summary.csv

2026-07-07 13:47:50,402 - INFO - Waiting 10 seconds before next run...
2026-07-07 13:48:02,442 - INFO - CSV report generated: stock_data.csv and stock_summary.csv

2026-07-07 13:48:02,442 - INFO - Waiting 10 seconds before next run...
2026-07-07 13:48:15,570 - INFO - CSV report generated: stock_data.csv and stock_summary.csv

2026-07-07 13:48:15,570 - INFO - Waiting 10 seconds before next run...
2026-07-07 13:48:27,466 - INFO - CSV report generated: stock_data.csv and stock_summary.csv

2026-07-07 13:48:27,467 - INFO - Waiting 10 seconds before next run...
2026-07-07 13:48:39,757 - INFO - CSV report generated: stock_data.csv and stock_summary.csv

2026-07-07 13:48:39,757 - INFO - Waiting 10 seconds before next run...
2026-07-07 13:48:51,507 - INFO - CSV report generated: stock_data.csv and stock_summary.csv

2026-07-07 13:48:51,508 - INFO - Waiting 10 seconds before next run...
2026-07-07 13:49:03,251 - INFO - CSV report generated: stock_data.csv and stock_summary.csv

2026-07-07 13:49:03,251 - INFO - Waiting 10 seconds before next run...
2026-07-07 13:49:15,004 - INFO - CSV report generated: stock_data.csv and stock_summary.csv

2026-07-07 13:49:15,005 - INFO - Waiting 10 seconds before next run...
2026-07-07 13:49:26,567 - INFO - CSV report generated: stock_data.csv and stock_summary.csv

2026-07-07 13:49:26,568 - INFO - Waiting 10 seconds before next run...
2026-07-07 13:49:38,165 - INFO - CSV report generated: stock_data.csv and stock_summary.csv

2026-07-07 13:49:38,166 - INFO - Waiting 10 seconds before next run...
2026-07-07 13:49:50,003 - INFO - CSV report generated: stock_data.csv and stock_summary.csv

2026-07-07 13:49:50,004 - INFO - Waiting 10 seconds before next run...
2026-07-07 13:50:02,041 - INFO - CSV report generated: stock_data.csv and stock_summary.csv

2026-07-07 13:50:02,041 - INFO - Waiting 10 seconds before next run...
2026-07-07 13:50:14,254 - INFO - CSV report generated: stock_data.csv and stock_summary.csv

2026-07-07 13:50:14,254 - INFO - Waiting 10 seconds before next run...
2026-07-07 13:50:25,850 - INFO - CSV report generated: stock_data.csv and stock_summary.csv

2026-07-07 13:50:25,850 - INFO - Waiting 10 seconds before next run...
2026-07-07 13:50:37,645 - INFO - CSV report generated: stock_data.csv and stock_summary.csv

2026-07-07 13:50:37,645 - INFO - Waiting 10 seconds before next run...
2026-07-07 13:50:49,528 - INFO - CSV report generated: stock_data.csv and stock_summary.csv

2026-07-07 13:50:49,528 - INFO - Waiting 10 seconds before next run...
2026-07-07 13:51:01,667 - INFO - CSV report generated: stock_data.csv and stock_summary.csv

2026-07-07 13:51:01,667 - INFO - Waiting 10 seconds before next run...
2026-07-07 13:51:13,768 - INFO - CSV report generated: stock_data.csv and stock_summary.csv

2026-07-07 13:51:13,768 - INFO - Waiting 10 seconds before next run...
2026-07-07 13:51:25,585 - INFO - CSV report generated: stock_data.csv and stock_summary.csv

2026-07-07 13:51:25,586 - INFO - Waiting 10 seconds before next run...
2026-07-07 13:51:37,232 - INFO - CSV report generated: stock_data.csv and stock_summary.csv

2026-07-07 13:51:37,232 - INFO - Waiting 10 seconds before next run...
2026-07-07 13:51:48,944 - INFO - CSV report generated: stock_data.csv and stock_summary.csv

2026-07-07 13:51:48,944 - INFO - Waiting 10 seconds before next run...
2026-07-07 13:52:01,213 - INFO - CSV report generated: stock_data.csv and stock_summary.csv

2026-07-07 13:52:01,214 - INFO - Waiting 10 seconds before next run...
2026-07-07 13:52:13,284 - INFO - CSV report generated: stock_data.csv and stock_summary.csv

2026-07-07 13:52:13,284 - INFO - Waiting 10 seconds before next run...
2026-07-07 13:52:24,970 - INFO - CSV report generated: stock_data.csv and stock_summary.csv

2026-07-07 13:52:24,970 - INFO - Waiting 10 seconds before next run...
2026-07-07 13:52:36,745 - INFO - CSV report generated: stock_data.csv and stock_summary.csv

2026-07-07 13:52:36,746 - INFO - Waiting 10 seconds before next run...
2026-07-07 13:52:48,685 - INFO - CSV report generated: stock_data.csv and stock_summary.csv

2026-07-07 13:52:48,685 - INFO - Waiting 10 seconds before next run...
